TN:
SF:src/app.tsx
FN:27,(anonymous_1)
FN:32,(anonymous_2)
FN:32,(anonymous_3)
FN:44,(anonymous_4)
FN:66,(anonymous_5)
FN:69,(anonymous_6)
FN:81,(anonymous_7)
FN:92,(anonymous_8)
FN:97,(anonymous_9)
FN:104,(anonymous_10)
FN:105,(anonymous_11)
FN:112,(anonymous_12)
FN:115,(anonymous_13)
FN:123,(anonymous_14)
FN:135,(anonymous_15)
FN:143,(anonymous_16)
FN:146,(anonymous_17)
FN:152,(anonymous_18)
FN:156,(anonymous_19)
FN:220,(anonymous_20)
FN:227,(anonymous_21)
FN:233,(anonymous_22)
FN:241,(anonymous_23)
FN:257,(anonymous_24)
FN:274,(anonymous_25)
FN:295,(anonymous_26)
FN:302,(anonymous_27)
FN:312,(anonymous_28)
FN:324,(anonymous_29)
FN:365,(anonymous_30)
FN:368,(anonymous_31)
FN:404,(anonymous_32)
FN:408,(anonymous_33)
FNF:33
FNH:0
FNDA:0,(anonymous_1)
FNDA:0,(anonymous_2)
FNDA:0,(anonymous_3)
FNDA:0,(anonymous_4)
FNDA:0,(anonymous_5)
FNDA:0,(anonymous_6)
FNDA:0,(anonymous_7)
FNDA:0,(anonymous_8)
FNDA:0,(anonymous_9)
FNDA:0,(anonymous_10)
FNDA:0,(anonymous_11)
FNDA:0,(anonymous_12)
FNDA:0,(anonymous_13)
FNDA:0,(anonymous_14)
FNDA:0,(anonymous_15)
FNDA:0,(anonymous_16)
FNDA:0,(anonymous_17)
FNDA:0,(anonymous_18)
FNDA:0,(anonymous_19)
FNDA:0,(anonymous_20)
FNDA:0,(anonymous_21)
FNDA:0,(anonymous_22)
FNDA:0,(anonymous_23)
FNDA:0,(anonymous_24)
FNDA:0,(anonymous_25)
FNDA:0,(anonymous_26)
FNDA:0,(anonymous_27)
FNDA:0,(anonymous_28)
FNDA:0,(anonymous_29)
FNDA:0,(anonymous_30)
FNDA:0,(anonymous_31)
FNDA:0,(anonymous_32)
FNDA:0,(anonymous_33)
DA:2,0
DA:3,0
DA:4,0
DA:6,0
DA:7,0
DA:8,0
DA:9,0
DA:10,0
DA:11,0
DA:12,0
DA:13,0
DA:15,0
DA:16,0
DA:17,0
DA:18,0
DA:19,0
DA:21,0
DA:27,0
DA:29,0
DA:30,0
DA:32,0
DA:33,0
DA:34,0
DA:35,0
DA:36,0
DA:37,0
DA:38,0
DA:39,0
DA:40,0
DA:41,0
DA:44,0
DA:45,0
DA:47,0
DA:49,0
DA:51,0
DA:53,0
DA:55,0
DA:57,0
DA:59,0
DA:61,0
DA:66,0
DA:67,0
DA:69,0
DA:70,0
DA:71,0
DA:73,0
DA:75,0
DA:78,0
DA:81,0
DA:82,0
DA:83,0
DA:85,0
DA:88,0
DA:92,0
DA:93,0
DA:94,0
DA:97,0
DA:98,0
DA:99,0
DA:100,0
DA:104,0
DA:105,0
DA:106,0
DA:107,0
DA:111,0
DA:112,0
DA:115,0
DA:116,0
DA:117,0
DA:118,0
DA:119,0
DA:123,0
DA:124,0
DA:125,0
DA:126,0
DA:128,0
DA:129,0
DA:132,0
DA:133,0
DA:135,0
DA:136,0
DA:137,0
DA:138,0
DA:139,0
DA:143,0
DA:144,0
DA:146,0
DA:148,0
DA:150,0
DA:152,0
DA:154,0
DA:156,0
DA:164,0
DA:165,0
DA:171,0
DA:172,0
DA:178,0
DA:179,0
DA:187,0
DA:188,0
DA:195,0
DA:220,0
DA:227,0
DA:233,0
DA:241,0
DA:257,0
DA:274,0
DA:295,0
DA:302,0
DA:313,0
DA:314,0
DA:325,0
DA:326,0
DA:365,0
DA:368,0
DA:404,0
DA:408,0
DA:454,0
LF:118
LH:0
BRDA:34,0,0,0
BRDA:35,1,0,0
BRDA:36,2,0,0
BRDA:37,3,0,0
BRDA:38,4,0,0
BRDA:39,5,0,0
BRDA:40,6,0,0
BRDA:45,7,0,0
BRDA:45,7,1,0
BRDA:45,7,2,0
BRDA:45,7,3,0
BRDA:45,7,4,0
BRDA:45,7,5,0
BRDA:45,7,6,0
BRDA:45,7,7,0
BRDA:82,8,0,0
BRDA:82,8,1,0
BRDA:99,9,0,0
BRDA:106,10,0,0
BRDA:118,11,0,0
BRDA:124,12,0,0
BRDA:125,13,0,0
BRDA:125,13,1,0
BRDA:126,14,0,0
BRDA:144,15,0,0
BRDA:144,15,1,0
BRDA:144,15,2,0
BRDA:144,15,3,0
BRDA:144,15,4,0
BRDA:164,16,0,0
BRDA:171,17,0,0
BRDA:178,18,0,0
BRDA:187,19,0,0
BRDA:201,20,0,0
BRDA:201,20,1,0
BRDA:224,21,0,0
BRDA:224,21,1,0
BRDA:254,22,0,0
BRDA:254,22,1,0
BRDA:265,23,0,0
BRDA:265,23,1,0
BRDA:267,24,0,0
BRDA:267,24,1,0
BRDA:285,25,0,0
BRDA:285,25,1,0
BRDA:349,26,0,0
BRDA:349,26,1,0
BRF:47
BRH:0
end_of_record
TN:
SF:src/components/layout/Chat.tsx
FN:8,Chat
FN:28,(anonymous_2)
FN:30,(anonymous_3)
FN:51,(anonymous_4)
FN:75,(anonymous_5)
FN:82,(anonymous_6)
FN:93,(anonymous_7)
FN:115,(anonymous_8)
FN:125,(anonymous_9)
FN:140,(anonymous_10)
FN:156,(anonymous_11)
FN:178,(anonymous_12)
FN:191,(anonymous_13)
FN:215,(anonymous_14)
FN:234,(anonymous_15)
FN:237,(anonymous_16)
FN:256,(anonymous_17)
FNF:17
FNH:10
FNDA:44,Chat
FNDA:84,(anonymous_2)
FNDA:64,(anonymous_3)
FNDA:84,(anonymous_4)
FNDA:0,(anonymous_5)
FNDA:0,(anonymous_6)
FNDA:0,(anonymous_7)
FNDA:0,(anonymous_8)
FNDA:0,(anonymous_9)
FNDA:0,(anonymous_10)
FNDA:0,(anonymous_11)
FNDA:1,(anonymous_12)
FNDA:1,(anonymous_13)
FNDA:2,(anonymous_14)
FNDA:8,(anonymous_15)
FNDA:1,(anonymous_16)
FNDA:13,(anonymous_17)
DA:1,2
DA:3,2
DA:4,2
DA:5,2
DA:6,2
DA:8,2
DA:24,44
DA:25,44
DA:26,44
DA:27,44
DA:28,84
DA:30,64
DA:31,44
DA:52,84
DA:75,0
DA:83,0
DA:84,0
DA:94,0
DA:95,0
DA:96,0
DA:115,0
DA:126,0
DA:127,0
DA:141,0
DA:157,0
DA:178,1
DA:191,1
DA:215,2
DA:235,8
DA:238,1
DA:239,1
DA:256,13
LF:32
LH:21
BRDA:27,0,0,44
BRDA:27,0,1,22
BRDA:52,1,0,23
BRDA:52,1,1,61
BRDA:53,2,0,3
BRDA:53,2,1,81
BRDA:65,3,0,23
BRDA:65,3,1,58
BRDA:71,4,0,0
BRDA:71,4,1,81
BRDA:71,5,0,81
BRDA:71,5,1,23
BRDA:105,6,0,58
BRDA:105,6,1,23
BRDA:111,7,0,81
BRDA:111,7,1,23
BRDA:111,7,2,23
BRDA:122,8,0,23
BRDA:122,8,1,22
BRDA:136,9,0,23
BRDA:136,9,1,0
BRDA:136,10,0,23
BRDA:136,10,1,21
BRDA:143,11,0,0
BRDA:143,11,1,0
BRDA:146,12,0,0
BRDA:146,12,1,0
BRDA:152,13,0,0
BRDA:152,13,1,0
BRDA:160,14,0,0
BRDA:160,14,1,0
BRDA:161,15,0,0
BRDA:161,15,1,0
BRDA:165,16,0,0
BRDA:165,16,1,0
BRDA:165,17,0,0
BRDA:165,17,1,0
BRDA:175,18,0,81
BRDA:175,18,1,58
BRDA:175,18,2,58
BRDA:179,19,0,1
BRDA:179,19,1,57
BRDA:186,20,0,1
BRDA:186,20,1,57
BRDA:187,21,0,1
BRDA:187,21,1,57
BRDA:192,22,0,1
BRDA:192,22,1,57
BRDA:199,23,0,1
BRDA:199,23,1,57
BRDA:200,24,0,1
BRDA:200,24,1,57
BRDA:218,25,0,2
BRDA:218,25,1,42
BRDA:220,26,0,2
BRDA:220,26,1,42
BRDA:226,27,0,44
BRDA:226,27,1,2
BRDA:258,28,0,2
BRDA:258,28,1,42
BRDA:263,29,0,2
BRDA:263,29,1,42
BRF:62
BRH:46
end_of_record
TN:
SF:src/components/layout/Feedback.tsx
FN:8,FeedbackDialog
FN:14,(anonymous_2)
FN:26,(anonymous_3)
FN:82,(anonymous_4)
FN:86,(anonymous_5)
FN:107,(anonymous_6)
FN:123,(anonymous_7)
FNF:7
FNH:0
FNDA:0,FeedbackDialog
FNDA:0,(anonymous_2)
FNDA:0,(anonymous_3)
FNDA:0,(anonymous_4)
FNDA:0,(anonymous_5)
FNDA:0,(anonymous_6)
FNDA:0,(anonymous_7)
DA:2,0
DA:3,0
DA:4,0
DA:8,0
DA:9,0
DA:10,0
DA:11,0
DA:12,0
DA:14,0
DA:15,0
DA:18,0
DA:25,0
DA:26,0
DA:27,0
DA:28,0
DA:29,0
DA:30,0
DA:34,0
DA:36,0
DA:83,0
DA:86,0
DA:107,0
DA:123,0
LF:23
LH:0
BRDA:21,0,0,0
BRDA:21,0,1,0
BRDA:34,1,0,0
BRDA:58,2,0,0
BRDA:58,2,1,0
BRDA:88,3,0,0
BRDA:88,3,1,0
BRF:7
BRH:0
end_of_record
TN:
SF:src/components/layout/Journal.tsx
FN:7,Journal
FN:41,(anonymous_11)
FN:45,(anonymous_12)
FN:50,(anonymous_13)
FN:62,(anonymous_14)
FN:63,(anonymous_15)
FN:68,(anonymous_16)
FN:69,(anonymous_17)
FN:72,(anonymous_18)
FN:73,(anonymous_19)
FN:109,(anonymous_20)
FN:113,(anonymous_21)
FN:126,(anonymous_22)
FN:180,(anonymous_23)
FNF:14
FNH:10
FNDA:1722,Journal
FNDA:14,(anonymous_11)
FNDA:12,(anonymous_12)
FNDA:30,(anonymous_13)
FNDA:0,(anonymous_14)
FNDA:0,(anonymous_15)
FNDA:0,(anonymous_16)
FNDA:0,(anonymous_17)
FNDA:3,(anonymous_18)
FNDA:3,(anonymous_19)
FNDA:10332,(anonymous_20)
FNDA:14,(anonymous_21)
FNDA:1673,(anonymous_22)
FNDA:1,(anonymous_23)
DA:2,2
DA:3,2
DA:4,2
DA:5,2
DA:7,2
DA:12,1722
DA:13,1722
DA:14,1722
DA:38,1722
DA:39,1722
DA:40,1722
DA:41,1722
DA:42,14
DA:45,1722
DA:46,12
DA:47,2
DA:48,2
DA:50,30
DA:51,10
DA:58,10
DA:59,10
DA:60,10
DA:62,1722
DA:63,0
DA:64,0
DA:68,1722
DA:69,0
DA:72,1722
DA:73,3
DA:74,3
DA:76,3
DA:77,3
DA:78,3
DA:81,3
DA:82,3
DA:84,3
DA:85,3
DA:88,1722
DA:110,10332
DA:113,14
DA:126,1673
DA:180,1
LF:42
LH:39
BRDA:46,0,0,2
BRDA:46,1,0,12
BRDA:46,1,1,11
BRDA:50,2,0,10
BRDA:50,2,1,0
BRDA:64,3,0,0
BRDA:64,3,1,0
BRDA:74,4,0,0
BRDA:114,5,0,1650
BRDA:114,5,1,8682
BRDA:144,6,0,1722
BRDA:144,6,1,5
BRDA:166,7,0,3
BRDA:166,7,1,2
BRF:14
BRH:10
end_of_record
TN:
SF:src/components/layout/RecentJournal.tsx
FN:8,JournalView
FN:18,(anonymous_2)
FN:24,(anonymous_3)
FN:32,(anonymous_4)
FN:37,(anonymous_5)
FN:47,(anonymous_6)
FN:48,(anonymous_7)
FN:51,(anonymous_8)
FN:85,(anonymous_9)
FN:103,(anonymous_10)
FN:125,(anonymous_11)
FN:127,(anonymous_12)
FN:136,(anonymous_13)
FN:145,(anonymous_14)
FN:174,(anonymous_15)
FN:192,(anonymous_16)
FN:211,(anonymous_17)
FNF:17
FNH:9
FNDA:1726,JournalView
FNDA:0,(anonymous_2)
FNDA:0,(anonymous_3)
FNDA:0,(anonymous_4)
FNDA:4,(anonymous_5)
FNDA:5201,(anonymous_6)
FNDA:493452,(anonymous_7)
FNDA:3,(anonymous_8)
FNDA:5198,(anonymous_9)
FNDA:0,(anonymous_10)
FNDA:4,(anonymous_11)
FNDA:4,(anonymous_12)
FNDA:0,(anonymous_13)
FNDA:0,(anonymous_14)
FNDA:0,(anonymous_15)
FNDA:0,(anonymous_16)
FNDA:3,(anonymous_17)
DA:1,2
DA:2,2
DA:3,2
DA:5,2
DA:8,2
DA:14,1726
DA:15,1726
DA:16,1726
DA:18,1726
DA:19,0
DA:20,0
DA:21,0
DA:24,1726
DA:25,0
DA:26,0
DA:27,0
DA:28,0
DA:32,1726
DA:33,0
DA:34,0
DA:37,1726
DA:38,4
DA:39,0
DA:40,0
DA:42,4
DA:43,4
DA:47,1726
DA:48,493452
DA:51,1726
DA:52,3
DA:53,3
DA:54,0
DA:55,0
DA:57,3
DA:60,1726
DA:61,0
DA:74,1726
DA:86,5198
DA:87,5198
DA:88,5198
DA:89,5198
DA:91,5198
DA:103,0
DA:125,4
DA:127,4
DA:136,0
DA:146,0
DA:147,0
DA:174,0
DA:192,0
DA:211,3
LF:51
LH:31
BRDA:25,0,0,0
BRDA:38,1,0,0
BRDA:38,1,1,4
BRDA:53,2,0,0
BRDA:60,3,0,0
BRDA:79,4,0,0
BRDA:79,4,1,1726
BRDA:103,5,0,0
BRDA:103,5,1,0
BRDA:113,6,0,5198
BRDA:113,6,1,5188
BRDA:119,7,0,3464
BRDA:119,7,1,1734
BRDA:130,8,0,10
BRDA:130,8,1,5188
BRDA:146,9,0,0
BRDA:161,10,0,5198
BRDA:161,10,1,10
BRDA:169,11,0,0
BRDA:169,11,1,10
BRDA:214,12,0,9
BRDA:214,12,1,1
BRDA:219,13,0,9
BRDA:219,13,1,1
BRF:24
BRH:15
end_of_record
TN:
SF:src/components/layout/Settings.tsx
FN:5,Settings
FN:28,(anonymous_10)
FN:42,(anonymous_11)
FN:92,(anonymous_12)
FN:147,(anonymous_13)
FN:173,EditableRow
FN:188,(anonymous_15)
FN:195,ToggleRow
FN:208,(anonymous_17)
FN:223,PasswordModal
FN:234,(anonymous_19)
FN:243,(anonymous_20)
FN:251,(anonymous_21)
FN:257,(anonymous_22)
FNF:14
FNH:4
FNDA:47,Settings
FNDA:0,(anonymous_10)
FNDA:7,(anonymous_11)
FNDA:0,(anonymous_12)
FNDA:0,(anonymous_13)
FNDA:0,EditableRow
FNDA:0,(anonymous_15)
FNDA:60,ToggleRow
FNDA:3,(anonymous_17)
FNDA:0,PasswordModal
FNDA:0,(anonymous_19)
FNDA:0,(anonymous_20)
FNDA:0,(anonymous_21)
FNDA:0,(anonymous_22)
DA:1,2
DA:2,2
DA:5,2
DA:19,47
DA:20,47
DA:21,47
DA:23,47
DA:25,47
DA:28,20
DA:29,0
DA:30,0
DA:34,20
DA:42,7
DA:92,0
DA:147,0
DA:182,0
DA:188,0
DA:204,60
DA:208,3
DA:224,0
DA:225,0
DA:227,0
DA:234,0
DA:243,0
DA:251,0
DA:258,0
DA:259,0
LF:27
LH:13
BRDA:19,0,0,21
BRDA:19,0,1,26
BRDA:20,1,0,21
BRDA:20,1,1,26
BRDA:21,2,0,47
BRDA:21,2,1,26
BRDA:25,3,0,27
BRDA:29,4,0,0
BRDA:64,5,0,20
BRDA:64,5,1,0
BRDA:146,6,0,20
BRDA:146,6,1,0
BRDA:209,7,0,40
BRDA:209,7,1,20
BRDA:215,8,0,40
BRDA:215,8,1,20
BRF:16
BRH:13
end_of_record
TN:
SF:src/components/layout/Sidebar.tsx
FN:5,Sidebar
FN:28,(anonymous_10)
FN:29,handleClickOutside
FN:35,(anonymous_12)
FN:38,(anonymous_13)
FN:44,(anonymous_14)
FN:51,(anonymous_15)
FN:59,(anonymous_16)
FN:144,(anonymous_17)
FN:156,(anonymous_18)
FN:159,(anonymous_19)
FN:165,(anonymous_20)
FN:179,(anonymous_21)
FN:195,(anonymous_22)
FN:202,(anonymous_23)
FN:238,(anonymous_24)
FN:259,(anonymous_25)
FNF:17
FNH:5
FNDA:26,Sidebar
FNDA:5,(anonymous_10)
FNDA:4,handleClickOutside
FNDA:5,(anonymous_12)
FNDA:5,(anonymous_13)
FNDA:0,(anonymous_14)
FNDA:0,(anonymous_15)
FNDA:0,(anonymous_16)
FNDA:0,(anonymous_17)
FNDA:0,(anonymous_18)
FNDA:0,(anonymous_19)
FNDA:0,(anonymous_20)
FNDA:0,(anonymous_21)
FNDA:0,(anonymous_22)
FNDA:0,(anonymous_23)
FNDA:0,(anonymous_24)
FNDA:0,(anonymous_25)
DA:1,1
DA:2,1
DA:5,1
DA:19,26
DA:20,26
DA:21,26
DA:22,26
DA:23,26
DA:25,26
DA:26,26
DA:27,26
DA:28,26
DA:30,4
DA:31,0
DA:34,5
DA:35,5
DA:38,26
DA:39,5
DA:40,0
DA:44,26
DA:45,0
DA:46,0
DA:47,0
DA:48,0
DA:51,26
DA:52,0
DA:53,0
DA:55,0
DA:56,0
DA:59,26
DA:60,0
DA:61,0
DA:62,0
DA:63,0
DA:66,26
DA:145,0
DA:156,0
DA:159,0
DA:165,0
DA:180,0
DA:181,0
DA:195,0
DA:203,0
DA:204,0
DA:205,0
DA:238,0
DA:259,0
LF:47
LH:21
BRDA:25,0,0,0
BRDA:25,0,1,26
BRDA:26,1,0,0
BRDA:26,1,1,26
BRDA:27,2,0,26
BRDA:27,2,1,26
BRDA:30,3,0,0
BRDA:30,4,0,4
BRDA:30,4,1,0
BRDA:39,5,0,0
BRDA:39,6,0,5
BRDA:39,6,1,0
BRDA:52,7,0,0
BRDA:52,8,0,0
BRDA:52,8,1,0
BRDA:53,9,0,0
BRDA:60,10,0,0
BRDA:60,10,1,0
BRDA:62,11,0,0
BRDA:68,12,0,0
BRDA:68,12,1,26
BRDA:76,13,0,0
BRDA:76,13,1,26
BRDA:128,14,0,26
BRDA:128,14,1,0
BRDA:138,15,0,26
BRDA:138,15,1,0
BRDA:147,16,0,0
BRDA:147,16,1,0
BRDA:151,17,0,0
BRDA:151,17,1,0
BRDA:177,18,0,0
BRDA:177,18,1,0
BRDA:181,19,0,0
BRDA:181,19,1,0
BRDA:183,20,0,0
BRDA:183,20,1,0
BRDA:188,21,0,0
BRDA:188,21,1,0
BRDA:204,22,0,0
BRDA:225,23,0,0
BRDA:225,23,1,26
BRF:42
BRH:11
end_of_record
TN:
SF:src/components/ui/accordion.tsx
FN:9,Accordion
FN:15,AccordionItem
FN:28,AccordionTrigger
FN:50,AccordionContent
FNF:4
FNH:0
FNDA:0,Accordion
FNDA:0,AccordionItem
FNDA:0,AccordionTrigger
FNDA:0,AccordionContent
DA:3,0
DA:4,0
DA:5,0
DA:7,0
DA:12,0
DA:19,0
DA:33,0
DA:55,0
DA:66,0
LF:9
LH:0
BRF:0
BRH:0
end_of_record
TN:
SF:src/constants/constants.ts
FNF:0
FNH:0
DA:3,1
DA:10,1
DA:20,1
DA:49,1
LF:4
LH:4
BRF:0
BRH:0
end_of_record
TN:
SF:src/lib/utils.ts
FN:4,cn
FNF:1
FNH:0
FNDA:0,cn
DA:1,0
DA:2,0
DA:4,0
DA:5,0
LF:4
LH:0
BRF:0
BRH:0
end_of_record
TN:
SF:src/pages/Contact.tsx
FN:4,Contact
FN:9,(anonymous_10)
FNF:2
FNH:0
FNDA:0,Contact
FNDA:0,(anonymous_10)
DA:1,0
DA:4,0
DA:5,0
DA:6,0
DA:7,0
DA:9,0
DA:10,0
DA:11,0
DA:12,0
DA:13,0
DA:14,0
DA:15,0
DA:18,0
LF:13
LH:0
BRDA:15,0,0,0
BRF:1
BRH:0
end_of_record
TN:
SF:src/pages/Dashboard.tsx
FN:21,DashboardPage
FN:73,(anonymous_2)
FN:79,(anonymous_3)
FN:85,(anonymous_4)
FN:87,(anonymous_5)
FN:103,(anonymous_6)
FN:127,(anonymous_7)
FN:128,(anonymous_8)
FN:137,(anonymous_9)
FN:158,(anonymous_10)
FN:171,(anonymous_11)
FN:173,(anonymous_12)
FN:190,(anonymous_13)
FN:201,(anonymous_14)
FN:208,(anonymous_15)
FN:209,(anonymous_16)
FN:222,(anonymous_17)
FN:267,(anonymous_18)
FN:279,(anonymous_19)
FN:286,(anonymous_20)
FN:290,(anonymous_21)
FN:295,(anonymous_22)
FN:299,(anonymous_23)
FN:322,(anonymous_24)
FN:333,(anonymous_25)
FN:340,(anonymous_26)
FN:402,(anonymous_27)
FN:406,(anonymous_28)
FN:432,(anonymous_29)
FN:433,(anonymous_30)
FN:434,(anonymous_31)
FN:448,(anonymous_32)
FN:451,(anonymous_33)
FN:487,(anonymous_34)
FN:488,(anonymous_35)
FN:499,(anonymous_36)
FN:500,(anonymous_37)
FN:510,(anonymous_38)
FN:512,(anonymous_39)
FN:512,(anonymous_40)
FN:519,(anonymous_41)
FN:524,(anonymous_42)
FN:534,(anonymous_43)
FN:562,(anonymous_44)
FN:566,(anonymous_45)
FN:570,(anonymous_46)
FN:571,(anonymous_47)
FN:580,(anonymous_48)
FN:583,(anonymous_49)
FN:584,(anonymous_50)
FN:603,(anonymous_51)
FN:607,(anonymous_52)
FN:632,(anonymous_53)
FN:661,(anonymous_54)
FN:668,(anonymous_55)
FN:669,(anonymous_56)
FN:687,(anonymous_57)
FN:724,(anonymous_58)
FN:739,(anonymous_59)
FN:748,(anonymous_60)
FN:794,(anonymous_61)
FN:795,(anonymous_62)
FN:816,(anonymous_63)
FN:844,(anonymous_64)
FNF:64
FNH:17
FNDA:26,DashboardPage
FNDA:12,(anonymous_2)
FNDA:1,(anonymous_3)
FNDA:5,(anonymous_4)
FNDA:0,(anonymous_5)
FNDA:0,(anonymous_6)
FNDA:0,(anonymous_7)
FNDA:0,(anonymous_8)
FNDA:0,(anonymous_9)
FNDA:0,(anonymous_10)
FNDA:0,(anonymous_11)
FNDA:0,(anonymous_12)
FNDA:0,(anonymous_13)
FNDA:5,(anonymous_14)
FNDA:5,(anonymous_15)
FNDA:5,(anonymous_16)
FNDA:10,(anonymous_17)
FNDA:5,(anonymous_18)
FNDA:11,(anonymous_19)
FNDA:0,(anonymous_20)
FNDA:1,(anonymous_21)
FNDA:0,(anonymous_22)
FNDA:0,(anonymous_23)
FNDA:0,(anonymous_24)
FNDA:0,(anonymous_25)
FNDA:0,(anonymous_26)
FNDA:0,(anonymous_27)
FNDA:0,(anonymous_28)
FNDA:0,(anonymous_29)
FNDA:0,(anonymous_30)
FNDA:0,(anonymous_31)
FNDA:1,(anonymous_32)
FNDA:1,(anonymous_33)
FNDA:1,(anonymous_34)
FNDA:1,(anonymous_35)
FNDA:0,(anonymous_36)
FNDA:0,(anonymous_37)
FNDA:0,(anonymous_38)
FNDA:0,(anonymous_39)
FNDA:0,(anonymous_40)
FNDA:0,(anonymous_41)
FNDA:0,(anonymous_42)
FNDA:0,(anonymous_43)
FNDA:0,(anonymous_44)
FNDA:0,(anonymous_45)
FNDA:0,(anonymous_46)
FNDA:0,(anonymous_47)
FNDA:0,(anonymous_48)
FNDA:0,(anonymous_49)
FNDA:0,(anonymous_50)
FNDA:0,(anonymous_51)
FNDA:0,(anonymous_52)
FNDA:0,(anonymous_53)
FNDA:0,(anonymous_54)
FNDA:0,(anonymous_55)
FNDA:0,(anonymous_56)
FNDA:0,(anonymous_57)
FNDA:1,(anonymous_58)
FNDA:0,(anonymous_59)
FNDA:1,(anonymous_60)
FNDA:0,(anonymous_61)
FNDA:0,(anonymous_62)
FNDA:0,(anonymous_63)
FNDA:0,(anonymous_64)
DA:1,1
DA:2,1
DA:3,1
DA:11,1
DA:12,1
DA:13,1
DA:14,1
DA:15,1
DA:16,1
DA:17,1
DA:18,1
DA:19,1
DA:21,1
DA:28,26
DA:29,26
DA:33,26
DA:34,26
DA:40,26
DA:41,26
DA:42,26
DA:43,26
DA:44,26
DA:47,26
DA:48,26
DA:49,26
DA:50,26
DA:51,26
DA:54,26
DA:55,26
DA:56,26
DA:59,26
DA:62,26
DA:63,26
DA:64,26
DA:65,26
DA:73,26
DA:74,12
DA:75,12
DA:76,12
DA:79,26
DA:80,1
DA:81,1
DA:82,0
DA:85,26
DA:86,5
DA:87,5
DA:88,0
DA:90,0
DA:91,0
DA:92,0
DA:95,0
DA:96,0
DA:98,0
DA:99,0
DA:100,0
DA:103,0
DA:104,0
DA:107,0
DA:118,0
DA:120,0
DA:127,0
DA:128,0
DA:129,0
DA:132,0
DA:134,0
DA:137,0
DA:138,0
DA:139,0
DA:140,0
DA:142,0
DA:143,0
DA:148,0
DA:154,0
DA:155,0
DA:158,0
DA:159,0
DA:167,0
DA:171,5
DA:172,0
DA:173,0
DA:174,0
DA:175,0
DA:176,0
DA:178,0
DA:179,0
DA:185,0
DA:186,0
DA:189,0
DA:190,0
DA:198,0
DA:201,5
DA:202,5
DA:203,5
DA:208,26
DA:209,5
DA:210,5
DA:211,5
DA:212,5
DA:213,0
DA:216,5
DA:219,5
DA:222,10
DA:232,5
DA:235,5
DA:236,5
DA:237,5
DA:238,5
DA:239,5
DA:240,5
DA:242,5
DA:243,0
DA:247,5
DA:249,0
DA:252,5
DA:256,0
DA:258,0
DA:260,5
DA:264,5
DA:267,26
DA:268,5
DA:269,5
DA:270,5
DA:279,26
DA:280,11
DA:281,11
DA:286,26
DA:287,0
DA:290,26
DA:291,1
DA:292,1
DA:295,26
DA:299,0
DA:300,0
DA:301,0
DA:302,0
DA:304,0
DA:311,0
DA:312,0
DA:318,0
DA:322,26
DA:323,0
DA:324,0
DA:326,0
DA:327,0
DA:329,0
DA:333,26
DA:334,0
DA:335,0
DA:337,0
DA:338,0
DA:340,0
DA:341,0
DA:342,0
DA:343,0
DA:344,0
DA:345,0
DA:349,0
DA:350,0
DA:353,0
DA:354,0
DA:355,0
DA:356,0
DA:360,0
DA:361,0
DA:364,0
DA:371,0
DA:373,0
DA:374,0
DA:381,0
DA:384,0
DA:385,0
DA:386,0
DA:389,0
DA:390,0
DA:391,0
DA:392,0
DA:393,0
DA:394,0
DA:396,0
DA:397,0
DA:398,0
DA:402,26
DA:406,0
DA:407,0
DA:408,0
DA:411,0
DA:412,0
DA:416,0
DA:417,0
DA:420,0
DA:421,0
DA:428,0
DA:432,26
DA:433,0
DA:434,0
DA:435,0
DA:444,0
DA:448,26
DA:449,1
DA:451,1
DA:456,1
DA:457,1
DA:460,1
DA:462,1
DA:463,0
DA:465,1
DA:467,1
DA:469,1
DA:470,1
DA:473,1
DA:474,1
DA:475,1
DA:476,1
DA:478,1
DA:487,1
DA:488,1
DA:489,1
DA:491,0
DA:495,1
DA:496,1
DA:498,0
DA:499,0
DA:500,0
DA:506,0
DA:510,26
DA:512,0
DA:513,0
DA:515,0
DA:516,0
DA:519,26
DA:521,0
DA:524,26
DA:525,0
DA:526,0
DA:527,0
DA:528,0
DA:530,0
DA:531,0
DA:533,0
DA:534,0
DA:548,0
DA:551,0
DA:552,0
DA:553,0
DA:556,0
DA:558,0
DA:562,26
DA:563,0
DA:564,0
DA:566,0
DA:567,0
DA:570,0
DA:571,0
DA:572,0
DA:576,0
DA:580,26
DA:581,0
DA:582,0
DA:583,0
DA:584,0
DA:587,0
DA:588,0
DA:589,0
DA:590,0
DA:591,0
DA:593,0
DA:596,0
DA:599,0
DA:603,26
DA:604,0
DA:607,26
DA:608,0
DA:610,0
DA:611,0
DA:612,0
DA:617,0
DA:618,0
DA:619,0
DA:620,0
DA:622,0
DA:625,0
DA:626,0
DA:628,0
DA:632,26
DA:633,0
DA:635,0
DA:636,0
DA:637,0
DA:641,0
DA:642,0
DA:643,0
DA:645,0
DA:648,0
DA:649,0
DA:651,0
DA:655,26
DA:661,0
DA:668,0
DA:669,0
DA:687,0
DA:724,1
DA:739,0
DA:748,1
DA:794,0
DA:796,0
DA:797,0
DA:798,0
DA:816,0
DA:844,0
LF:309
LH:117
BRDA:81,0,0,1
BRDA:95,1,0,0
BRDA:95,1,1,0
BRDA:95,2,0,0
BRDA:95,2,1,0
BRDA:95,2,2,0
BRDA:98,3,0,0
BRDA:104,4,0,0
BRDA:104,4,1,0
BRDA:128,5,0,0
BRDA:132,6,0,0
BRDA:132,7,0,0
BRDA:132,7,1,0
BRDA:138,8,0,0
BRDA:142,9,0,0
BRDA:142,9,1,0
BRDA:142,10,0,0
BRDA:142,10,1,0
BRDA:174,11,0,0
BRDA:178,12,0,0
BRDA:178,13,0,0
BRDA:178,13,1,0
BRDA:181,14,0,0
BRDA:181,14,1,0
BRDA:194,15,0,0
BRDA:194,15,1,0
BRDA:212,16,0,0
BRDA:225,17,0,10
BRDA:225,17,1,0
BRDA:227,18,0,10
BRDA:227,18,1,0
BRDA:236,19,0,5
BRDA:238,20,0,5
BRDA:238,20,1,0
BRDA:242,21,0,0
BRDA:247,22,0,0
BRDA:247,22,1,5
BRDA:280,23,0,11
BRDA:301,24,0,0
BRDA:307,25,0,0
BRDA:307,25,1,0
BRDA:311,26,0,0
BRDA:311,27,0,0
BRDA:311,27,1,0
BRDA:324,28,0,0
BRDA:335,29,0,0
BRDA:335,30,0,0
BRDA:335,30,1,0
BRDA:343,31,0,0
BRDA:349,32,0,0
BRDA:349,33,0,0
BRDA:349,33,1,0
BRDA:349,33,2,0
BRDA:356,34,0,0
BRDA:356,34,1,0
BRDA:360,35,0,0
BRDA:373,36,0,0
BRDA:373,37,0,0
BRDA:373,37,1,0
BRDA:373,37,2,0
BRDA:384,38,0,0
BRDA:384,38,1,0
BRDA:385,39,0,0
BRDA:385,40,0,0
BRDA:385,40,1,0
BRDA:407,41,0,0
BRDA:407,42,0,0
BRDA:407,42,1,0
BRDA:412,43,0,0
BRDA:412,43,1,0
BRDA:416,44,0,0
BRDA:416,45,0,0
BRDA:416,45,1,0
BRDA:435,46,0,0
BRDA:435,46,1,0
BRDA:444,47,0,0
BRDA:444,47,1,0
BRDA:449,48,0,0
BRDA:460,49,0,1
BRDA:460,49,1,1
BRDA:462,50,0,0
BRDA:465,51,0,1
BRDA:465,51,1,1
BRDA:469,52,0,1
BRDA:482,53,0,1
BRDA:482,53,1,0
BRDA:488,54,0,1
BRDA:533,55,0,0
BRDA:533,55,1,0
BRDA:538,56,0,0
BRDA:538,56,1,0
BRDA:539,57,0,0
BRDA:539,57,1,0
BRDA:552,58,0,0
BRDA:552,59,0,0
BRDA:552,59,1,0
BRDA:567,60,0,0
BRDA:567,60,1,0
BRDA:567,61,0,0
BRDA:567,61,1,0
BRDA:572,62,0,0
BRDA:572,62,1,0
BRDA:587,63,0,0
BRDA:588,64,0,0
BRDA:588,64,1,0
BRDA:608,65,0,0
BRDA:613,66,0,0
BRDA:613,66,1,0
BRDA:617,67,0,0
BRDA:617,67,1,0
BRDA:618,68,0,0
BRDA:618,68,1,0
BRDA:622,69,0,0
BRDA:622,69,1,0
BRDA:633,70,0,0
BRDA:641,71,0,0
BRDA:641,71,1,0
BRDA:642,72,0,0
BRDA:642,72,1,0
BRDA:645,73,0,0
BRDA:645,73,1,0
BRDA:658,74,0,26
BRDA:658,74,1,0
BRDA:691,75,0,0
BRDA:691,75,1,26
BRDA:702,76,0,0
BRDA:702,76,1,26
BRDA:728,77,0,0
BRDA:728,77,1,26
BRDA:740,78,0,25
BRDA:740,78,1,1
BRDA:749,79,0,1
BRDA:749,79,1,25
BRDA:757,80,0,5
BRDA:757,80,1,21
BRDA:763,81,0,21
BRDA:763,81,1,20
BRDA:781,82,0,21
BRDA:781,82,1,1
BRDA:810,83,0,26
BRDA:810,83,1,0
BRDA:869,84,0,0
BRDA:869,84,1,0
BRF:143
BRH:29
end_of_record
TN:
SF:src/pages/LandingPage.tsx
FN:14,LandingPage
FN:21,(anonymous_2)
FN:22,(anonymous_3)
FN:25,(anonymous_4)
FN:26,(anonymous_5)
FN:57,(anonymous_6)
FN:80,(anonymous_7)
FN:87,(anonymous_8)
FN:135,(anonymous_9)
FN:178,(anonymous_10)
FN:268,(anonymous_11)
FN:271,(anonymous_12)
FN:313,(anonymous_13)
FNF:13
FNH:0
FNDA:0,LandingPage
FNDA:0,(anonymous_2)
FNDA:0,(anonymous_3)
FNDA:0,(anonymous_4)
FNDA:0,(anonymous_5)
FNDA:0,(anonymous_6)
FNDA:0,(anonymous_7)
FNDA:0,(anonymous_8)
FNDA:0,(anonymous_9)
FNDA:0,(anonymous_10)
FNDA:0,(anonymous_11)
FNDA:0,(anonymous_12)
FNDA:0,(anonymous_13)
DA:1,0
DA:2,0
DA:3,0
DA:4,0
DA:10,0
DA:12,0
DA:14,0
DA:20,0
DA:21,0
DA:22,0
DA:25,0
DA:26,0
DA:30,0
DA:57,0
DA:80,0
DA:87,0
DA:136,0
DA:179,0
DA:269,0
DA:271,0
DA:314,0
LF:21
LH:0
BRDA:272,0,0,0
BRDA:272,0,1,0
BRF:2
BRH:0
end_of_record
TN:
SF:src/pages/LoginPage.tsx
FN:6,LoginPage
FN:14,(anonymous_11)
FN:45,(anonymous_12)
FN:70,(anonymous_13)
FN:139,(anonymous_14)
FN:166,(anonymous_15)
FN:193,(anonymous_16)
FN:207,(anonymous_17)
FN:222,(anonymous_18)
FN:226,(anonymous_19)
FNF:10
FNH:6
FNDA:80,LoginPage
FNDA:1,(anonymous_11)
FNDA:0,(anonymous_12)
FNDA:0,(anonymous_13)
FNDA:33,(anonymous_14)
FNDA:22,(anonymous_15)
FNDA:0,(anonymous_16)
FNDA:0,(anonymous_17)
FNDA:1,(anonymous_18)
FNDA:1,(anonymous_19)
DA:1,1
DA:3,1
DA:4,1
DA:6,1
DA:7,80
DA:8,80
DA:9,80
DA:10,80
DA:11,80
DA:12,80
DA:14,80
DA:15,1
DA:16,1
DA:17,1
DA:19,1
DA:20,0
DA:21,0
DA:22,0
DA:25,1
DA:26,1
DA:28,1
DA:30,1
DA:31,1
DA:34,1
DA:36,0
DA:39,0
DA:41,1
DA:45,80
DA:46,0
DA:47,0
DA:49,0
DA:50,0
DA:51,0
DA:54,0
DA:55,0
DA:56,0
DA:57,0
DA:58,0
DA:59,0
DA:61,0
DA:64,0
DA:66,0
DA:70,80
DA:71,0
DA:72,0
DA:74,0
DA:77,0
DA:83,0
DA:85,0
DA:87,0
DA:88,0
DA:91,0
DA:93,0
DA:96,0
DA:98,0
DA:102,80
DA:139,33
DA:166,22
DA:193,0
DA:207,0
DA:222,1
DA:226,1
LF:62
LH:29
BRDA:19,0,0,0
BRDA:19,1,0,1
BRDA:19,1,1,1
BRDA:28,2,0,1
BRDA:28,2,1,0
BRDA:28,3,0,1
BRDA:28,3,1,1
BRDA:36,4,0,0
BRDA:36,4,1,0
BRDA:39,5,0,0
BRDA:39,5,1,0
BRDA:49,6,0,0
BRDA:57,7,0,0
BRDA:57,7,1,0
BRDA:61,8,0,0
BRDA:61,8,1,0
BRDA:64,9,0,0
BRDA:64,9,1,0
BRDA:85,10,0,0
BRDA:85,10,1,0
BRDA:85,11,0,0
BRDA:85,11,1,0
BRDA:93,12,0,0
BRDA:93,12,1,0
BRDA:96,13,0,0
BRDA:96,13,1,0
BRDA:118,14,0,80
BRDA:118,14,1,0
BRDA:123,15,0,80
BRDA:123,15,1,0
BRDA:181,16,0,1
BRDA:181,16,1,79
BRF:32
BRH:9
end_of_record
TN:
SF:src/pages/OurStory.tsx
FN:3,Story
FNF:1
FNH:0
FNDA:0,Story
DA:1,0
DA:3,0
DA:5,0
LF:3
LH:0
BRF:0
BRH:0
end_of_record
TN:
SF:src/pages/PrivacyPolicy.tsx
FN:4,PrivacyPolicy
FNF:1
FNH:0
FNDA:0,PrivacyPolicy
DA:1,0
DA:4,0
DA:5,0
LF:3
LH:0
BRF:0
BRH:0
end_of_record
TN:
SF:src/pages/ResetPasswordPage.tsx
FN:8,ResetPasswordPage
FN:9,(anonymous_11)
FN:16,(anonymous_12)
FN:91,(anonymous_13)
FN:106,(anonymous_14)
FN:121,(anonymous_15)
FN:142,(anonymous_16)
FNF:7
FNH:0
FNDA:0,ResetPasswordPage
FNDA:0,(anonymous_11)
FNDA:0,(anonymous_12)
FNDA:0,(anonymous_13)
FNDA:0,(anonymous_14)
FNDA:0,(anonymous_15)
FNDA:0,(anonymous_16)
DA:1,0
DA:3,0
DA:4,0
DA:6,0
DA:8,0
DA:9,0
DA:10,0
DA:11,0
DA:12,0
DA:13,0
DA:14,0
DA:16,0
DA:17,0
DA:18,0
DA:20,0
DA:21,0
DA:22,0
DA:25,0
DA:26,0
DA:27,0
DA:30,0
DA:31,0
DA:32,0
DA:35,0
DA:36,0
DA:37,0
DA:38,0
DA:39,0
DA:40,0
DA:42,0
DA:45,0
DA:47,0
DA:51,0
DA:91,0
DA:106,0
DA:121,0
DA:143,0
DA:144,0
LF:38
LH:0
BRDA:9,0,0,0
BRDA:9,0,1,0
BRDA:20,1,0,0
BRDA:20,2,0,0
BRDA:20,2,1,0
BRDA:20,2,2,0
BRDA:25,3,0,0
BRDA:30,4,0,0
BRDA:38,5,0,0
BRDA:38,5,1,0
BRDA:40,6,0,0
BRDA:40,6,1,0
BRDA:42,7,0,0
BRDA:42,7,1,0
BRDA:45,8,0,0
BRDA:45,8,1,0
BRDA:70,9,0,0
BRDA:70,9,1,0
BRDA:76,10,0,0
BRDA:76,10,1,0
BRDA:135,11,0,0
BRDA:135,11,1,0
BRF:22
BRH:0
end_of_record
TN:
SF:src/pages/SignupPage.tsx
FN:6,SignupPage
FN:13,(anonymous_11)
FN:40,(anonymous_12)
FN:101,(anonymous_13)
FN:115,(anonymous_14)
FN:129,(anonymous_15)
FN:156,(anonymous_16)
FN:170,(anonymous_17)
FN:185,(anonymous_18)
FN:189,(anonymous_19)
FNF:10
FNH:7
FNDA:43,SignupPage
FNDA:1,(anonymous_11)
FNDA:0,(anonymous_12)
FNDA:10,(anonymous_13)
FNDA:17,(anonymous_14)
FNDA:11,(anonymous_15)
FNDA:0,(anonymous_16)
FNDA:0,(anonymous_17)
FNDA:1,(anonymous_18)
FNDA:1,(anonymous_19)
DA:1,1
DA:3,1
DA:4,1
DA:6,1
DA:7,43
DA:8,43
DA:9,43
DA:10,43
DA:11,43
DA:13,43
DA:14,1
DA:15,1
DA:17,1
DA:18,0
DA:19,0
DA:20,0
DA:23,1
DA:24,1
DA:26,1
DA:27,1
DA:28,1
DA:29,1
DA:31,0
DA:34,0
DA:36,1
DA:40,43
DA:41,0
DA:42,0
DA:44,0
DA:45,0
DA:51,0
DA:53,0
DA:55,0
DA:56,0
DA:58,0
DA:60,0
DA:63,0
DA:65,0
DA:69,43
DA:101,10
DA:115,17
DA:129,11
DA:156,0
DA:170,0
DA:185,1
DA:189,1
LF:46
LH:27
BRDA:17,0,0,0
BRDA:17,1,0,1
BRDA:17,1,1,1
BRDA:17,1,2,1
BRDA:26,2,0,1
BRDA:26,2,1,0
BRDA:26,3,0,1
BRDA:26,3,1,1
BRDA:31,4,0,0
BRDA:31,4,1,0
BRDA:34,5,0,0
BRDA:34,5,1,0
BRDA:53,6,0,0
BRDA:53,6,1,0
BRDA:53,7,0,0
BRDA:53,7,1,0
BRDA:60,8,0,0
BRDA:60,8,1,0
BRDA:63,9,0,0
BRDA:63,9,1,0
BRDA:85,10,0,43
BRDA:85,10,1,0
BRDA:144,11,0,1
BRDA:144,11,1,42
BRF:24
BRH:9
end_of_record
TN:
SF:src/tests/mocks/fileMock.ts
FNF:0
FNH:0
DA:2,3
LF:1
LH:1
BRF:0
BRH:0
end_of_record
TN:
SF:src/tests/mocks/framer-motion.tsx
FN:4,(anonymous_1)
FN:5,(anonymous_2)
FN:6,(anonymous_3)
FN:7,(anonymous_4)
FN:8,(anonymous_5)
FN:9,(anonymous_6)
FN:10,(anonymous_7)
FN:11,(anonymous_8)
FN:12,(anonymous_9)
FN:13,(anonymous_10)
FN:14,(anonymous_11)
FN:15,(anonymous_12)
FN:16,(anonymous_13)
FN:17,(anonymous_14)
FN:18,(anonymous_15)
FN:19,(anonymous_16)
FN:20,(anonymous_17)
FN:21,(anonymous_18)
FN:24,(anonymous_19)
FNF:19
FNH:3
FNDA:5210,(anonymous_1)
FNDA:44,(anonymous_2)
FNDA:0,(anonymous_3)
FNDA:0,(anonymous_4)
FNDA:0,(anonymous_5)
FNDA:0,(anonymous_6)
FNDA:0,(anonymous_7)
FNDA:0,(anonymous_8)
FNDA:0,(anonymous_9)
FNDA:0,(anonymous_10)
FNDA:0,(anonymous_11)
FNDA:0,(anonymous_12)
FNDA:0,(anonymous_13)
FNDA:0,(anonymous_14)
FNDA:0,(anonymous_15)
FNDA:0,(anonymous_16)
FNDA:0,(anonymous_17)
FNDA:0,(anonymous_18)
FNDA:6968,(anonymous_19)
DA:1,3
DA:3,3
DA:4,5210
DA:5,44
DA:6,0
DA:7,0
DA:8,0
DA:9,0
DA:10,0
DA:11,0
DA:12,0
DA:13,0
DA:14,0
DA:15,0
DA:16,0
DA:17,0
DA:18,0
DA:19,0
DA:20,0
DA:21,0
DA:24,3
DA:25,6968
DA:28,3
LF:23
LH:7
BRF:0
BRH:0
end_of_record
TN:
SF:src/tests/mocks/mockData.ts
FN:151,(anonymous_0)
FN:155,(anonymous_1)
FNF:2
FNH:0
FNDA:0,(anonymous_0)
FNDA:0,(anonymous_1)
DA:4,4
DA:19,4
DA:25,4
DA:49,4
DA:57,4
DA:78,4
DA:116,4
DA:126,4
DA:135,4
DA:142,4
DA:147,4
DA:151,4
DA:152,0
DA:155,0
LF:14
LH:12
BRF:0
BRH:0
end_of_record
TN:
SF:src/tests/mocks/react-markdown.tsx
FN:7,ReactMarkdown
FNF:1
FNH:1
FNDA:60,ReactMarkdown
DA:1,3
DA:7,3
DA:8,60
LF:3
LH:3
BRF:0
BRH:0
end_of_record
TN:
SF:src/util/api.ts
FN:2,callBackendAPI
FNF:1
FNH:0
FNDA:0,callBackendAPI
DA:2,2
DA:3,0
DA:4,0
DA:14,0
DA:15,0
DA:16,0
DA:17,0
DA:20,0
DA:21,0
DA:23,0
DA:24,0
LF:11
LH:1
BRDA:14,0,0,0
BRDA:21,1,0,0
BRDA:21,1,1,0
BRF:3
BRH:0
end_of_record
TN:
SF:src/util/authAPI.ts
FN:14,(anonymous_0)
FN:35,(anonymous_1)
FN:56,(anonymous_2)
FN:77,(anonymous_3)
FN:98,(anonymous_4)
FN:119,(anonymous_5)
FN:124,(anonymous_6)
FN:129,(anonymous_7)
FN:133,(anonymous_8)
FNF:9
FNH:9
FNDA:2,(anonymous_0)
FNDA:3,(anonymous_1)
FNDA:1,(anonymous_2)
FNDA:1,(anonymous_3)
FNDA:2,(anonymous_4)
FNDA:1,(anonymous_5)
FNDA:3,(anonymous_6)
FNDA:4,(anonymous_7)
FNDA:2,(anonymous_8)
DA:1,1
DA:15,2
DA:16,2
DA:24,2
DA:25,2
DA:27,0
DA:28,0
DA:36,3
DA:37,3
DA:45,2
DA:46,2
DA:48,1
DA:49,1
DA:57,1
DA:58,1
DA:66,1
DA:67,1
DA:69,0
DA:70,0
DA:78,1
DA:79,1
DA:87,1
DA:88,1
DA:90,0
DA:91,0
DA:99,2
DA:100,2
DA:108,2
DA:109,2
DA:111,0
DA:112,0
DA:120,1
DA:121,1
DA:125,3
DA:126,3
DA:130,4
DA:134,2
DA:138,1
LF:38
LH:30
BRDA:1,0,0,1
BRDA:1,0,1,1
BRDA:30,1,0,0
BRDA:30,1,1,0
BRDA:51,2,0,1
BRDA:51,2,1,0
BRDA:72,3,0,0
BRDA:72,3,1,0
BRDA:93,4,0,0
BRDA:93,4,1,0
BRDA:114,5,0,0
BRDA:114,5,1,0
BRDA:126,6,0,1
BRDA:126,6,1,2
BRF:14
BRH:5
end_of_record
TN:
SF:src/util/conversationAPI.ts
FN:40,(anonymous_0)
FN:76,(anonymous_1)
FN:90,(anonymous_2)
FN:97,(anonymous_3)
FN:112,(anonymous_4)
FN:134,(anonymous_5)
FN:156,(anonymous_6)
FN:172,(anonymous_7)
FN:188,(anonymous_8)
FN:195,(anonymous_9)
FNF:10
FNH:8
FNDA:14,(anonymous_0)
FNDA:2,(anonymous_1)
FNDA:5,(anonymous_2)
FNDA:3,(anonymous_3)
FNDA:0,(anonymous_4)
FNDA:1,(anonymous_5)
FNDA:1,(anonymous_6)
FNDA:1,(anonymous_7)
FNDA:1,(anonymous_8)
FNDA:0,(anonymous_9)
DA:1,1
DA:44,14
DA:45,14
DA:46,14
DA:50,14
DA:51,0
DA:54,14
DA:62,13
DA:64,13
DA:65,1
DA:68,12
DA:70,2
DA:71,2
DA:77,2
DA:82,2
DA:83,1
DA:86,1
DA:91,5
DA:95,3
DA:101,3
DA:105,3
DA:106,1
DA:109,2
DA:117,0
DA:126,0
DA:127,0
DA:130,0
DA:138,1
DA:148,1
DA:149,0
DA:152,1
DA:157,1
DA:164,1
DA:165,0
DA:168,1
DA:173,1
DA:180,1
DA:181,0
DA:184,1
DA:189,1
DA:196,0
DA:200,0
DA:204,1
LF:43
LH:33
BRDA:1,0,0,1
BRDA:1,0,1,1
BRDA:42,1,0,8
BRDA:50,2,0,0
BRDA:64,3,0,1
BRDA:65,4,0,1
BRDA:65,4,1,0
BRDA:82,5,0,1
BRDA:90,6,0,4
BRDA:95,7,0,3
BRDA:95,7,1,1
BRDA:99,8,0,2
BRDA:105,9,0,1
BRDA:126,10,0,0
BRDA:148,11,0,0
BRDA:164,12,0,0
BRDA:180,13,0,0
BRF:17
BRH:11
end_of_record
TN:
SF:src/util/emergencyAPI.ts
FN:18,(anonymous_0)
FN:53,(anonymous_1)
FNF:2
FNH:0
FNDA:0,(anonymous_0)
FNDA:0,(anonymous_1)
DA:1,0
DA:22,0
DA:23,0
DA:24,0
DA:28,0
DA:29,0
DA:32,0
DA:40,0
DA:42,0
DA:43,0
DA:46,0
DA:48,0
DA:49,0
DA:56,0
DA:63,0
LF:15
LH:0
BRDA:1,0,0,0
BRDA:1,0,1,0
BRDA:20,1,0,0
BRDA:28,2,0,0
BRDA:42,3,0,0
BRDA:43,4,0,0
BRDA:43,4,1,0
BRF:7
BRH:0
end_of_record
TN:
SF:src/util/socketService.ts
FN:5,(anonymous_0)
FN:8,(anonymous_1)
FN:21,(anonymous_2)
FN:39,(anonymous_3)
FN:43,(anonymous_4)
FN:47,(anonymous_5)
FN:52,(anonymous_6)
FN:61,(anonymous_7)
FN:77,(anonymous_8)
FN:87,(anonymous_9)
FN:92,(anonymous_10)
FN:97,(anonymous_11)
FN:102,(anonymous_12)
FN:107,(anonymous_13)
FNF:14
FNH:0
FNDA:0,(anonymous_0)
FNDA:0,(anonymous_1)
FNDA:0,(anonymous_2)
FNDA:0,(anonymous_3)
FNDA:0,(anonymous_4)
FNDA:0,(anonymous_5)
FNDA:0,(anonymous_6)
FNDA:0,(anonymous_7)
FNDA:0,(anonymous_8)
FNDA:0,(anonymous_9)
FNDA:0,(anonymous_10)
FNDA:0,(anonymous_11)
FNDA:0,(anonymous_12)
FNDA:0,(anonymous_13)
DA:1,0
DA:3,0
DA:6,0
DA:9,0
DA:10,0
DA:11,0
DA:12,0
DA:13,0
DA:16,0
DA:18,0
DA:22,0
DA:23,0
DA:24,0
DA:27,0
DA:29,0
DA:39,0
DA:40,0
DA:43,0
DA:44,0
DA:47,0
DA:48,0
DA:53,0
DA:54,0
DA:55,0
DA:56,0
DA:62,0
DA:63,0
DA:66,0
DA:68,0
DA:69,0
DA:78,0
DA:79,0
DA:82,0
DA:83,0
DA:88,0
DA:93,0
DA:98,0
DA:103,0
DA:108,0
DA:112,0
LF:40
LH:0
BRDA:3,0,0,0
BRDA:3,0,1,0
BRDA:11,1,0,0
BRDA:22,2,0,0
BRDA:53,3,0,0
BRDA:62,4,0,0
BRDA:78,5,0,0
BRDA:103,6,0,0
BRDA:103,6,1,0
BRF:9
BRH:0
end_of_record
